# JRE version: OpenJDK Runtime Environment Microsoft-10800295 (17.0.14+7) (build 17.0.14+7-LTS)
# Java VM: OpenJDK 64-Bit Server VM Microsoft-10800295 (17.0.14+7-LTS, mixed mode, sharing, tiered, compressed oops, compressed class ptrs, g1 gc, windows-amd64)
GC Precious Log:
 CPUs: 16 total, 16 available
 Memory: 16095M
 Large Page Support: Disabled
 NUMA Support: Disabled
 Compressed Oops: Enabled (Zero based)
 Heap Region Size: 2M
 Heap Min Capacity: 8M
 Heap Initial Capacity: 252M
 Heap Max Capacity: 4024M
 Pre-touch: Disabled
 Parallel Workers: 13
 Concurrent Workers: 3
 Concurrent Refinement Workers: 13
 Periodic GC: Disabled
Heap:
 garbage-first heap   total 229376K, used 148250K [0x0000000704800000, 0x0000000800000000)
  region size 2048K, 11 young (22528K), 3 survivors (6144K)
 Metaspace       used 70857K, committed 71232K, reserved 1114112K
  class space    used 7588K, committed 7808K, reserved 1048576K
GC Heap History (20 events):
Event: 13.980 GC heap before
{Heap before GC invocations=21 (full 0):
 garbage-first heap   total 208896K, used 155054K [0x0000000704800000, 0x0000000800000000)
  region size 2048K, 43 young (88064K), 6 survivors (12288K)
 Metaspace       used 54987K, committed 55296K, reserved 1114112K
  class space    used 6193K, committed 6336K, reserved 1048576K
}
Event: 13.998 GC heap after
{Heap after GC invocations=22 (full 0):
 garbage-first heap   total 208896K, used 88064K [0x0000000704800000, 0x0000000800000000)
  region size 2048K, 4 young (8192K), 4 survivors (8192K)
 Metaspace       used 54987K, committed 55296K, reserved 1114112K
  class space    used 6193K, committed 6336K, reserved 1048576K
}
Event: 17.409 GC heap before
{Heap before GC invocations=22 (full 0):
 garbage-first heap   total 208896K, used 159744K [0x0000000704800000, 0x0000000800000000)
  region size 2048K, 39 young (79872K), 4 survivors (8192K)
 Metaspace       used 55802K, committed 56128K, reserved 1114112K
  class space    used 6225K, committed 6400K, reserved 1048576K
}
Event: 17.421 GC heap after
{Heap after GC invocations=23 (full 0):
 garbage-first heap   total 208896K, used 95027K [0x0000000704800000, 0x0000000800000000)
  region size 2048K, 4 young (8192K), 4 survivors (8192K)
 Metaspace       used 55802K, committed 56128K, reserved 1114112K
  class space    used 6225K, committed 6400K, reserved 1048576K
}
Event: 19.656 GC heap before
{Heap before GC invocations=23 (full 0):
 garbage-first heap   total 208896K, used 168755K [0x0000000704800000, 0x0000000800000000)
  region size 2048K, 38 young (77824K), 4 survivors (8192K)
 Metaspace       used 56573K, committed 56832K, reserved 1114112K
  class space    used 6269K, committed 6400K, reserved 1048576K
}
Event: 19.672 GC heap after
{Heap after GC invocations=24 (full 0):
 garbage-first heap   total 208896K, used 106202K [0x0000000704800000, 0x0000000800000000)
  region size 2048K, 4 young (8192K), 4 survivors (8192K)
 Metaspace       used 56573K, committed 56832K, reserved 1114112K
  class space    used 6269K, committed 6400K, reserved 1048576K
}
Event: 21.604 GC heap before
{Heap before GC invocations=24 (full 0):
 garbage-first heap   total 208896K, used 165594K [0x0000000704800000, 0x0000000800000000)
  region size 2048K, 33 young (67584K), 4 survivors (8192K)
 Metaspace       used 56897K, committed 57216K, reserved 1114112K
  class space    used 6273K, committed 6464K, reserved 1048576K
}
Event: 21.615 GC heap after
{Heap after GC invocations=25 (full 0):
 garbage-first heap   total 208896K, used 110867K [0x0000000704800000, 0x0000000800000000)
  region size 2048K, 3 young (6144K), 3 survivors (6144K)
 Metaspace       used 56897K, committed 57216K, reserved 1114112K
  class space    used 6273K, committed 6464K, reserved 1048576K
}
Event: 23.049 GC heap before
{Heap before GC invocations=26 (full 0):
 garbage-first heap   total 208896K, used 168211K [0x0000000704800000, 0x0000000800000000)
  region size 2048K, 31 young (63488K), 3 survivors (6144K)
 Metaspace       used 57765K, committed 58048K, reserved 1114112K
  class space    used 6341K, committed 6528K, reserved 1048576K
}
Event: 23.057 GC heap after
{Heap after GC invocations=27 (full 0):
 garbage-first heap   total 208896K, used 113708K [0x0000000704800000, 0x0000000800000000)
  region size 2048K, 4 young (8192K), 4 survivors (8192K)
 Metaspace       used 57765K, committed 58048K, reserved 1114112K
  class space    used 6341K, committed 6528K, reserved 1048576K
}
Event: 23.071 GC heap before
{Heap before GC invocations=27 (full 0):
 garbage-first heap   total 208896K, used 115756K [0x0000000704800000, 0x0000000800000000)
  region size 2048K, 5 young (10240K), 4 survivors (8192K)
 Metaspace       used 57771K, committed 58112K, reserved 1114112K
  class space    used 6341K, committed 6528K, reserved 1048576K
}
Event: 23.081 GC heap after
{Heap after GC invocations=28 (full 0):
 garbage-first heap   total 208896K, used 113689K [0x0000000704800000, 0x0000000800000000)
  region size 2048K, 1 young (2048K), 1 survivors (2048K)
 Metaspace       used 57771K, committed 58112K, reserved 1114112K
  class space    used 6341K, committed 6528K, reserved 1048576K
}
Event: 25.133 GC heap before
{Heap before GC invocations=28 (full 0):
 garbage-first heap   total 208896K, used 168985K [0x0000000704800000, 0x0000000800000000)
  region size 2048K, 28 young (57344K), 1 survivors (2048K)
 Metaspace       used 64045K, committed 64384K, reserved 1114112K
  class space    used 6935K, committed 7104K, reserved 1048576K
}
Event: 25.141 GC heap after
{Heap after GC invocations=29 (full 0):
 garbage-first heap   total 208896K, used 117104K [0x0000000704800000, 0x0000000800000000)
  region size 2048K, 3 young (6144K), 3 survivors (6144K)
 Metaspace       used 64045K, committed 64384K, reserved 1114112K
  class space    used 6935K, committed 7104K, reserved 1048576K
}
Event: 26.620 GC heap before
{Heap before GC invocations=30 (full 0):
 garbage-first heap   total 208896K, used 168304K [0x0000000704800000, 0x0000000800000000)
  region size 2048K, 28 young (57344K), 3 survivors (6144K)
 Metaspace       used 66937K, committed 67264K, reserved 1114112K
  class space    used 7212K, committed 7360K, reserved 1048576K
}
Event: 26.634 GC heap after
{Heap after GC invocations=31 (full 0):
 garbage-first heap   total 208896K, used 126229K [0x0000000704800000, 0x0000000800000000)
  region size 2048K, 4 young (8192K), 4 survivors (8192K)
 Metaspace       used 66937K, committed 67264K, reserved 1114112K
  class space    used 7212K, committed 7360K, reserved 1048576K
}
Event: 26.678 GC heap before
{Heap before GC invocations=31 (full 0):
 garbage-first heap   total 208896K, used 128277K [0x0000000704800000, 0x0000000800000000)
  region size 2048K, 5 young (10240K), 4 survivors (8192K)
 Metaspace       used 66954K, committed 67264K, reserved 1114112K
  class space    used 7212K, committed 7360K, reserved 1048576K
}
Event: 26.693 GC heap after
{Heap after GC invocations=32 (full 0):
 garbage-first heap   total 208896K, used 127178K [0x0000000704800000, 0x0000000800000000)
  region size 2048K, 1 young (2048K), 1 survivors (2048K)
 Metaspace       used 66954K, committed 67264K, reserved 1114112K
  class space    used 7212K, committed 7360K, reserved 1048576K
}
Event: 27.916 GC heap before
{Heap before GC invocations=32 (full 0):
 garbage-first heap   total 208896K, used 168138K [0x0000000704800000, 0x0000000800000000)
  region size 2048K, 21 young (43008K), 1 survivors (2048K)
 Metaspace       used 68096K, committed 68480K, reserved 1114112K
  class space    used 7302K, committed 7488K, reserved 1048576K
}
Event: 27.925 GC heap after
{Heap after GC invocations=33 (full 0):
 garbage-first heap   total 208896K, used 133914K [0x0000000704800000, 0x0000000800000000)
  region size 2048K, 3 young (6144K), 3 survivors (6144K)
 Metaspace       used 68096K, committed 68480K, reserved 1114112K
  class space    used 7302K, committed 7488K, reserved 1048576K
}

