# JRE version: OpenJDK Runtime Environment Microsoft-10800295 (17.0.14+7) (build 17.0.14+7-LTS)
# Java VM: OpenJDK 64-Bit Server VM Microsoft-10800295 (17.0.14+7-LTS, mixed mode, sharing, tiered, compressed oops, compressed class ptrs, g1 gc, windows-amd64)
GC Precious Log:
 CPUs: 16 total, 16 available
 Memory: 16095M
 Large Page Support: Disabled
 NUMA Support: Disabled
 Compressed Oops: Enabled (Zero based)
 Heap Region Size: 2M
 Heap Min Capacity: 8M
 Heap Initial Capacity: 252M
 Heap Max Capacity: 4024M
 Pre-touch: Disabled
 Parallel Workers: 13
 Concurrent Workers: 3
 Concurrent Refinement Workers: 13
 Periodic GC: Disabled
Heap:
 garbage-first heap   total 227328K, used 129880K [0x0000000704800000, 0x0000000800000000)
  region size 2048K, 3 young (6144K), 3 survivors (6144K)
 Metaspace       used 69665K, committed 70016K, reserved 1114112K
  class space    used 7509K, committed 7680K, reserved 1048576K
GC Heap History (20 events):
Event: 19.055 GC heap after
{Heap after GC invocations=26 (full 0):
 garbage-first heap   total 178176K, used 102343K [0x0000000704800000, 0x0000000800000000)
  region size 2048K, 4 young (8192K), 4 survivors (8192K)
 Metaspace       used 56331K, committed 56640K, reserved 1114112K
  class space    used 6252K, committed 6400K, reserved 1048576K
}
Event: 19.127 GC heap before
{Heap before GC invocations=26 (full 0):
 garbage-first heap   total 178176K, used 104391K [0x0000000704800000, 0x0000000800000000)
  region size 2048K, 5 young (10240K), 4 survivors (8192K)
 Metaspace       used 56369K, committed 56640K, reserved 1114112K
  class space    used 6256K, committed 6400K, reserved 1048576K
}
Event: 19.136 GC heap after
{Heap after GC invocations=27 (full 0):
 garbage-first heap   total 178176K, used 102600K [0x0000000704800000, 0x0000000800000000)
  region size 2048K, 1 young (2048K), 1 survivors (2048K)
 Metaspace       used 56369K, committed 56640K, reserved 1114112K
  class space    used 6256K, committed 6400K, reserved 1048576K
}
Event: 19.551 GC heap before
{Heap before GC invocations=27 (full 0):
 garbage-first heap   total 178176K, used 112840K [0x0000000704800000, 0x0000000800000000)
  region size 2048K, 7 young (14336K), 1 survivors (2048K)
 Metaspace       used 56520K, committed 56768K, reserved 1114112K
  class space    used 6269K, committed 6400K, reserved 1048576K
}
Event: 19.553 GC heap after
{Heap after GC invocations=28 (full 0):
 garbage-first heap   total 178176K, used 102393K [0x0000000704800000, 0x0000000800000000)
  region size 2048K, 1 young (2048K), 1 survivors (2048K)
 Metaspace       used 56520K, committed 56768K, reserved 1114112K
  class space    used 6269K, committed 6400K, reserved 1048576K
}
Event: 20.951 GC heap before
{Heap before GC invocations=29 (full 0):
 garbage-first heap   total 192512K, used 147449K [0x0000000704800000, 0x0000000800000000)
  region size 2048K, 22 young (45056K), 1 survivors (2048K)
 Metaspace       used 56745K, committed 57024K, reserved 1114112K
  class space    used 6269K, committed 6400K, reserved 1048576K
}
Event: 20.955 GC heap after
{Heap after GC invocations=30 (full 0):
 garbage-first heap   total 192512K, used 107008K [0x0000000704800000, 0x0000000800000000)
  region size 2048K, 2 young (4096K), 2 survivors (4096K)
 Metaspace       used 56745K, committed 57024K, reserved 1114112K
  class space    used 6269K, committed 6400K, reserved 1048576K
}
Event: 21.104 GC heap before
{Heap before GC invocations=30 (full 0):
 garbage-first heap   total 192512K, used 111104K [0x0000000704800000, 0x0000000800000000)
  region size 2048K, 4 young (8192K), 2 survivors (4096K)
 Metaspace       used 56782K, committed 57088K, reserved 1114112K
  class space    used 6273K, committed 6464K, reserved 1048576K
}
Event: 21.109 GC heap after
{Heap after GC invocations=31 (full 0):
 garbage-first heap   total 192512K, used 106815K [0x0000000704800000, 0x0000000800000000)
  region size 2048K, 1 young (2048K), 1 survivors (2048K)
 Metaspace       used 56782K, committed 57088K, reserved 1114112K
  class space    used 6273K, committed 6464K, reserved 1048576K
}
Event: 22.789 GC heap before
{Heap before GC invocations=31 (full 0):
 garbage-first heap   total 192512K, used 155967K [0x0000000704800000, 0x0000000800000000)
  region size 2048K, 25 young (51200K), 1 survivors (2048K)
 Metaspace       used 57550K, committed 57856K, reserved 1114112K
  class space    used 6334K, committed 6528K, reserved 1048576K
}
Event: 22.794 GC heap after
{Heap after GC invocations=32 (full 0):
 garbage-first heap   total 192512K, used 110025K [0x0000000704800000, 0x0000000800000000)
  region size 2048K, 2 young (4096K), 2 survivors (4096K)
 Metaspace       used 57550K, committed 57856K, reserved 1114112K
  class space    used 6334K, committed 6528K, reserved 1048576K
}
Event: 23.906 GC heap before
{Heap before GC invocations=33 (full 0):
 garbage-first heap   total 192512K, used 157129K [0x0000000704800000, 0x0000000800000000)
  region size 2048K, 26 young (53248K), 2 survivors (4096K)
 Metaspace       used 59565K, committed 59840K, reserved 1114112K
  class space    used 6532K, committed 6656K, reserved 1048576K
}
Event: 23.912 GC heap after
{Heap after GC invocations=34 (full 0):
 garbage-first heap   total 192512K, used 111407K [0x0000000704800000, 0x0000000800000000)
  region size 2048K, 3 young (6144K), 3 survivors (6144K)
 Metaspace       used 59565K, committed 59840K, reserved 1114112K
  class space    used 6532K, committed 6656K, reserved 1048576K
}
Event: 23.968 GC heap before
{Heap before GC invocations=34 (full 0):
 garbage-first heap   total 192512K, used 113455K [0x0000000704800000, 0x0000000800000000)
  region size 2048K, 4 young (8192K), 3 survivors (6144K)
 Metaspace       used 60064K, committed 60352K, reserved 1114112K
  class space    used 6569K, committed 6720K, reserved 1048576K
}
Event: 23.976 GC heap after
{Heap after GC invocations=35 (full 0):
 garbage-first heap   total 192512K, used 111379K [0x0000000704800000, 0x0000000800000000)
  region size 2048K, 1 young (2048K), 1 survivors (2048K)
 Metaspace       used 60064K, committed 60352K, reserved 1114112K
  class space    used 6569K, committed 6720K, reserved 1048576K
}
Event: 25.763 GC heap before
{Heap before GC invocations=35 (full 0):
 garbage-first heap   total 192512K, used 158483K [0x0000000704800000, 0x0000000800000000)
  region size 2048K, 25 young (51200K), 1 survivors (2048K)
 Metaspace       used 65546K, committed 65856K, reserved 1114112K
  class space    used 7109K, committed 7296K, reserved 1048576K
}
Event: 25.770 GC heap after
{Heap after GC invocations=36 (full 0):
 garbage-first heap   total 192512K, used 115543K [0x0000000704800000, 0x0000000800000000)
  region size 2048K, 3 young (6144K), 3 survivors (6144K)
 Metaspace       used 65546K, committed 65856K, reserved 1114112K
  class space    used 7109K, committed 7296K, reserved 1048576K
}
Event: 27.086 GC heap before
{Heap before GC invocations=37 (full 0):
 garbage-first heap   total 198656K, used 158551K [0x0000000704800000, 0x0000000800000000)
  region size 2048K, 24 young (49152K), 3 survivors (6144K)
 Metaspace       used 66981K, committed 67328K, reserved 1114112K
  class space    used 7220K, committed 7360K, reserved 1048576K
}
Event: 27.103 GC heap after
{Heap after GC invocations=38 (full 0):
 garbage-first heap   total 198656K, used 124248K [0x0000000704800000, 0x0000000800000000)
  region size 2048K, 3 young (6144K), 3 survivors (6144K)
 Metaspace       used 66981K, committed 67328K, reserved 1114112K
  class space    used 7220K, committed 7360K, reserved 1048576K
}
Event: 28.445 GC heap before
{Heap before GC invocations=38 (full 0):
 garbage-first heap   total 198656K, used 163160K [0x0000000704800000, 0x0000000800000000)
  region size 2048K, 22 young (45056K), 3 survivors (6144K)
 Metaspace       used 69665K, committed 70016K, reserved 1114112K
  class space    used 7509K, committed 7680K, reserved 1048576K
}

